Using pre-set license
Built from '2020.2/staging' branch; Version is '2020.2.6f1 (8a2143876886) revision 9052483'; Using compiler version '192528614'; Build Type 'Release'
OS: 'Windows 10 Home; OS build 19042.928; Version 2009; 64bit' Language: 'en' Physical Memory: 32717 MB
BatchMode: 1, IsHumanControllingUs: 0, StartBugReporterOnCrash: 0, Is64bit: 1, IsPro: 0

 COMMAND LINE ARGUMENTS:
C:\Program Files\Unity\Hub\Editor\2020.2.6f1\Editor\Unity.exe
-adb2
-batchMode
-noUpm
-name
AssetImportWorker0
-projectPath
C:/Users/dirwi/OneDrive/Documents/GitHub/IGB100-A2-T38
-logFile
Logs/AssetImportWorker0.log
-srvPort
51632
Successfully changed project path to: C:/Users/dirwi/OneDrive/Documents/GitHub/IGB100-A2-T38
C:/Users/dirwi/OneDrive/Documents/GitHub/IGB100-A2-T38
Using Asset Import Pipeline V2.
Refreshing native plugins compatible for Editor in 48.90 ms, found 2 plugins.
Preloading 0 native plugins for Editor in 0.00 ms.
Initialize engine version: 2020.2.6f1 (8a2143876886)
[Subsystems] Discovering subsystems at path C:/Program Files/Unity/Hub/Editor/2020.2.6f1/Editor/Data/Resources/UnitySubsystems
[Subsystems] Discovering subsystems at path C:/Users/dirwi/OneDrive/Documents/GitHub/IGB100-A2-T38/Assets
GfxDevice: creating device client; threaded=0
Direct3D:
    Version:  Direct3D 11.0 [level 11.1]
    Renderer: NVIDIA GeForce RTX 2080 SUPER (ID=0x1e81)
    Vendor:   
    VRAM:     8010 MB
    Driver:   27.21.14.6589
Initialize mono
Mono path[0] = 'C:/Program Files/Unity/Hub/Editor/2020.2.6f1/Editor/Data/Managed'
Mono path[1] = 'C:/Program Files/Unity/Hub/Editor/2020.2.6f1/Editor/Data/MonoBleedingEdge/lib/mono/unityjit'
Mono config path = 'C:/Program Files/Unity/Hub/Editor/2020.2.6f1/Editor/Data/MonoBleedingEdge/etc'
Using monoOptions --debugger-agent=transport=dt_socket,embedding=1,server=y,suspend=n,address=127.0.0.1:56904
Begin MonoManager ReloadAssembly
Registering precompiled unity dll's ...
Register platform support module: C:/Program Files/Unity/Hub/Editor/2020.2.6f1/Editor/Data/PlaybackEngines/WindowsStandaloneSupport/UnityEditor.WindowsStandalone.Extensions.dll
Registered in 0.001916 seconds.
Native extension for WindowsStandalone target not found
Refreshing native plugins compatible for Editor in 40.62 ms, found 2 plugins.
Preloading 0 native plugins for Editor in 0.00 ms.
Invoked RoslynAnalysisRunner static constructor.
RoslynAnalysisRunner will not be running.
RoslynAnalysisRunner has terminated.
Mono: successfully reloaded assembly
- Completed reload, in  1.068 seconds
Platform modules already initialized, skipping
Registering precompiled user dll's ...
Registered in 0.006478 seconds.
Begin MonoManager ReloadAssembly
Native extension for WindowsStandalone target not found
Refreshing native plugins compatible for Editor in 0.70 ms, found 2 plugins.
Preloading 0 native plugins for Editor in 0.00 ms.
Invoked RoslynAnalysisRunner static constructor.
RoslynAnalysisRunner will not be running.
RoslynAnalysisRunner has terminated.
Mono: successfully reloaded assembly
- Completed reload, in  0.828 seconds
Platform modules already initialized, skipping
========================================================================
Worker process is ready to serve import requests
Launched and connected shader compiler UnityShaderCompiler.exe after 0.04 seconds
Refreshing native plugins compatible for Editor in 0.68 ms, found 2 plugins.
Preloading 0 native plugins for Editor in 0.00 ms.
Unloading 1954 Unused Serialized files (Serialized files now loaded: 0)
System memory in use before: 100.1 MB.
System memory in use after: 100.2 MB.

Unloading 114 unused Assets to reduce memory usage. Loaded Objects now: 2423.
Total: 2.590700 ms (FindLiveObjects: 0.303900 ms CreateObjectMapping: 0.053300 ms MarkObjects: 2.053100 ms  DeleteObjects: 0.179300 ms)

========================================================================
Received Import Request.
  path: Assets/Models/SNAKE.fbx
  artifactKey: Guid(ba085a9f81811d6489fd4934023e4e64) Importer(815301076,1909f56bfc062723c751e8b465ee728b)
Start importing Assets/Models/SNAKE.fbx using Guid(ba085a9f81811d6489fd4934023e4e64) Importer(815301076,1909f56bfc062723c751e8b465ee728b)  -> (artifact id: '7dfc4e0c148fdc6f573a52c505b52e49') in 0.145957 seconds
  Import took 0.149189 seconds .

========================================================================
Received Import Request.
  Time since last request: 0.000191 seconds.
  path: Assets/Models/Sword.mb
  artifactKey: Guid(23d792aac88597140ad585c983458521) Importer(815301076,1909f56bfc062723c751e8b465ee728b)
Start importing Assets/Models/Sword.mb using Guid(23d792aac88597140ad585c983458521) Importer(815301076,1909f56bfc062723c751e8b465ee728b)  -> (artifact id: 'bf5601a6bdbee7dc9709964689fef03e') in 0.058191 seconds
  Import took 0.061847 seconds .

========================================================================
Received Import Request.
  Time since last request: 0.000175 seconds.
  path: Assets/Models/Shield.fbx
  artifactKey: Guid(c25c55cd831fe5a44980bdac1861ffb6) Importer(815301076,1909f56bfc062723c751e8b465ee728b)
Start importing Assets/Models/Shield.fbx using Guid(c25c55cd831fe5a44980bdac1861ffb6) Importer(815301076,1909f56bfc062723c751e8b465ee728b)  -> (artifact id: '482a1e2ec52918955710a5d2e8dc4945') in 0.052371 seconds
  Import took 0.056489 seconds .

========================================================================
Received Import Request.
  Time since last request: 0.000176 seconds.
  path: Assets/Models/Plane.prefab
  artifactKey: Guid(6e3b831fef9f66645b2f7fde535af88e) Importer(815301076,1909f56bfc062723c751e8b465ee728b)
Start importing Assets/Models/Plane.prefab using Guid(6e3b831fef9f66645b2f7fde535af88e) Importer(815301076,1909f56bfc062723c751e8b465ee728b)  -> (artifact id: '36dead5d09ab5d79fb9c071dbbf411ec') in 0.110424 seconds
  Import took 0.118460 seconds .

